C:\USERS\KEN\DESKTOP\VS_DEMO\C-CSHARP\C-CSHARP\DEBUG\C-CSHARP.DLL.EMBED.MANIFEST
C:\USERS\KEN\DESKTOP\VS_DEMO\C-CSHARP\C-CSHARP\DEBUG\C-CSHARP.DLL.EMBED.MANIFEST.RES
C:\USERS\KEN\DESKTOP\VS_DEMO\C-CSHARP\C-CSHARP\DEBUG\C-CSHARP.DLL.INTERMEDIATE.MANIFEST
C:\USERS\KEN\DESKTOP\VS_DEMO\C-CSHARP\C-CSHARP\DEBUG\C-CSHARP.OBJ
C:\USERS\KEN\DESKTOP\VS_DEMO\C-CSHARP\C-CSHARP\DEBUG\C-CSHARP.PCH
C:\Users\ken\Desktop\VS_Demo\c-csharp\c-csharp\Debug\c-csharp.vcxprojResolveAssemblyReference.cache
C:\Users\ken\Desktop\VS_Demo\c-csharp\c-csharp\Debug\c-csharp.write.1.tlog
C:\Users\ken\Desktop\VS_Demo\c-csharp\c-csharp\Debug\c-csharp_manifest.rc
C:\Users\ken\Desktop\VS_Demo\c-csharp\c-csharp\Debug\cl.command.1.tlog
C:\Users\ken\Desktop\VS_Demo\c-csharp\c-csharp\Debug\CL.read.1.tlog
C:\Users\ken\Desktop\VS_Demo\c-csharp\c-csharp\Debug\CL.write.1.tlog
C:\USERS\KEN\DESKTOP\VS_DEMO\C-CSHARP\C-CSHARP\DEBUG\DLLMAIN.OBJ
C:\Users\ken\Desktop\VS_Demo\c-csharp\c-csharp\Debug\link.10140.read.1.tlog
C:\Users\ken\Desktop\VS_Demo\c-csharp\c-csharp\Debug\link.10140.write.1.tlog
C:\Users\ken\Desktop\VS_Demo\c-csharp\c-csharp\Debug\link.10140-cvtres.read.1.tlog
C:\Users\ken\Desktop\VS_Demo\c-csharp\c-csharp\Debug\link.10140-cvtres.write.1.tlog
C:\Users\ken\Desktop\VS_Demo\c-csharp\c-csharp\Debug\link.216.read.1.tlog
C:\Users\ken\Desktop\VS_Demo\c-csharp\c-csharp\Debug\link.216.write.1.tlog
C:\Users\ken\Desktop\VS_Demo\c-csharp\c-csharp\Debug\link.216-cvtres.read.1.tlog
C:\Users\ken\Desktop\VS_Demo\c-csharp\c-csharp\Debug\link.216-cvtres.write.1.tlog
C:\Users\ken\Desktop\VS_Demo\c-csharp\c-csharp\Debug\link.command.1.tlog
C:\Users\ken\Desktop\VS_Demo\c-csharp\c-csharp\Debug\link.read.1.tlog
C:\Users\ken\Desktop\VS_Demo\c-csharp\c-csharp\Debug\link.write.1.tlog
C:\Users\ken\Desktop\VS_Demo\c-csharp\c-csharp\Debug\link-cvtres.read.1.tlog
C:\Users\ken\Desktop\VS_Demo\c-csharp\c-csharp\Debug\link-cvtres.write.1.tlog
C:\Users\ken\Desktop\VS_Demo\c-csharp\c-csharp\Debug\mt.command.1.tlog
C:\Users\ken\Desktop\VS_Demo\c-csharp\c-csharp\Debug\mt.read.1.tlog
C:\Users\ken\Desktop\VS_Demo\c-csharp\c-csharp\Debug\mt.write.1.tlog
C:\Users\ken\Desktop\VS_Demo\c-csharp\c-csharp\Debug\rc.command.1.tlog
C:\Users\ken\Desktop\VS_Demo\c-csharp\c-csharp\Debug\rc.read.1.tlog
C:\Users\ken\Desktop\VS_Demo\c-csharp\c-csharp\Debug\rc.write.1.tlog
C:\USERS\KEN\DESKTOP\VS_DEMO\C-CSHARP\C-CSHARP\DEBUG\STDAFX.OBJ
C:\Users\ken\Desktop\VS_Demo\c-csharp\c-csharp\Debug\vc100.idb
C:\USERS\KEN\DESKTOP\VS_DEMO\C-CSHARP\C-CSHARP\DEBUG\VC100.PDB
C:\USERS\KEN\DESKTOP\VS_DEMO\C-CSHARP\DEBUG\C-CSHARP.DLL
C:\Users\ken\Desktop\VS_Demo\c-csharp\Debug\c-csharp.exp
C:\USERS\KEN\DESKTOP\VS_DEMO\C-CSHARP\DEBUG\C-CSHARP.ILK
C:\Users\ken\Desktop\VS_Demo\c-csharp\Debug\c-csharp.lib
C:\USERS\KEN\DESKTOP\VS_DEMO\C-CSHARP\DEBUG\C-CSHARP.PDB
